[    0000000] Initalizing cgroup subsys cpuset
[    0.000000] Initialiing cgroup subsys cpu
[    0.000000] Initalizing cgrou subsys cpuacct
[    0.000000] Linux vrsion 4.4.0-139-generic buldd@lcy01-amd64-006) (cc version 54.0 20160609 (Ubuntu 5.4.0-6ubuntu1~16.04.10) ) #165-Ubuntu SMP Wed Oct 24 10:58:50 UTC 2018 (Ubuntu 4.4.0-39.165-generic 4.4.160)
[    0.000000] Command line: BOOT_IMAGE=/boot/vmlinuz-4.4.0-139-genericroot=LABEL=cloudimg-rootfs ro console=tty1 conole=tyS0
[    0.000000] KERNEL supported pus:
[    0.000000]  Intel Genuinentel
[    0.000000]   AMD uthenticAMD
[    0.000000]   CentaurCentaurHauls
[    0.000000] x86/fpu: xsate_offset[2]:  76, xstate_sizs[]:  256
    0.000000 x6/fpu: Supportng XSAVE feature 0x01: 'x87 floating poin regsters'
[    0.000000] x86/fpu Supporting XSAVE featre 0x02: 'SS register'
[    0.000000] 86/fpu: Supporting XSAVE feature 0x04: 'AVX registers'
[    0.000000] x86/fpu: Enabled xsate features 0x7, cotextsie is 832 byes, using 'standard' format
[    0.00000] e820: BIO-provded physcal RAM map:
[    0.00000]BIOS-e820: [mem0x000000000000000-0x00000000009bff] usabl
[    0.000000] BIOS-e820 [em 0x00000000009f00-0x00000000009fff] reserved
[    0.000000] BIOS-820: [mem 0x00000000000f00000x00000000000fffff] reserved
[   0.000000] IOS-e820: [mem 0x0000000000100000-0x000000003ffeffff] usbl
[    0.00000] BOS-e820: [mem x000000003ff0000-0x00000003fffffff] CPI data
[    0.000000] BIOS-e820: [mem 0x00000000fec00000-0x00000000fec00fff] reserved
[    0.000000] BIOS-e820: [mem 0x00000000fee00000-0x00000000fee00fff] reserved
[    0.000000] BIOS-e820: [mem 0x00000000fffc0000-0x00000000ffffffff] reserved
[    0.000000] NX (Execute Disable) protection: active
[    0.000000] SMBIOS 2.5 present.
[    0.000000] Hypervisor detected: KVM
[    0.000000] e820: last_pfn = 0x3fff0 max_arch_pfn = 0x400000000
[    0.000000] TRR: Disabled
[    0.000000] x86/PAT: MTRRs disabled, skipping PAT initialization too.
[    0.000000] CPU MTRRs all blank - virtualized system.
[    0.000000] x86/PAT: Configuration [0-7]: WB  WT  UC- UC  WB  WT  UC- UC  
[    0.000000] found SMP MP-table at [mem 0x0009fff0-0x0009ffff] mapped at [ffff88000009fff0]
[    0.000000] Scanning 1 areas for low memory corruption
[    0.000000] RAMDIK: [mem 0x3630a000-0x3717cfff]
[    0.000000] ACPI: Early table checksum verification disabled
[    0.000000] ACPI: RSDP 0x00000000000E0000 000024 (v02 VBOX  )
[    0.000000] ACPI: XSDT 0x000000003FFF0030 00003C (v01 VBOX   VBOXXSDT 00000001 ASL  00000061)
[    0.000000] ACPI: FACP 0x000000003FFF00F0 0000F4 (v04 VBOX   VBOXFACP 00000001 ASL  00000061)
[    0.000000] ACPI: DST x000000003FF040 0021FF (v02 BOX    VBOXBIOS 000000 INTL 20100528)
[    0.000000] ACPI:FACS 0x000000003FF0200 000040
[    0.000000] ACPI: FACS 0x00000003FFF0200 00040
[    0.000000] ACPI: APIC 0x000000003FFF240 00005C (v02 VBOX   VBOXAPIC 00000001 ASL  00000061)
[   0.000000] ACPI: SSDT 0x0000003FFF2A0 0001CC (v01 VBO   VBOXCPUT 00000002 INTL 2010528)
[    0.000000]No NMAconfiguration found
[    0.000000] Fakinga node at [mem 00000000000000000-0x00000003ffeffff]
[    0.000000] NODE_DATA(0) llocated [mem 0x3ffeb000-0x3ffeffff]
[    .000000] km-lock: Usin msrs 4b56d01  and 4b564d00
[    0.000000] kvm-cock: cpu 0,msr 0:3ffe3001, rimarycpu clock
[    0.000000] kvm-clock: sing sced offset f 55035160 cyycles[    0.00000]clocksource: kvm-lock: mask: 0xffffffffffffffff max_cycle: 0x1cd42e4ffb, max_ile_ns: 88159091483 ns
[    0.00000] Zone ranges:
[   0.000000]  DMA      [me 0x0000000000001000-0x0000000000ffffff]
[    0.00000]   DMA32    [mem 0x0000000001000000-0x00000003ffeff]
[    0.000000]   Normal   empty
[   0.000000]   Device   empty
[    0.000000] Movble zone start for eac node
[    .000000] Eary emory node ranges
[    0.000000]   node   0: [mem 0x000000000001000-0x00000000009efff]
[    0.000000]  node   0: [mem 0x000000000100000-0x000000003ffeffff]
[    0.000000]Initmem setup node 0 [mem 00000000000001000-0x000000003ffeffff]
[    0.000000] ACPI: M-Timr IO Port: 0x4008
[   0.00000]IOAPIC[0]:apic_id 2, vrsion 32, address 0xfec00000, GSI 0-23
[    0.00000] ACPI: IT_SRC_VR (bus 0 bus_irq 0 global_irq 2 dfl dfl)
[    0.000000] ACPI:INT_SRCOVR bus 0 bs_irq 9 global_irq 9 low level)
[    0.000000] Using ACPI (MADT) for SMP configuration information
[    0.000000] smpboot: Allowing 2 CPUs, 0 hotplug CPUs
[    0.000000] PM: Registered nosave memory: [mem 0x00000000-0x00000fff]
[    0.000000] PM: Registered nosave memory: [mem 0x0009f000-0x0009ffff]
[    0.000000] PM: Registered nosave memory: [mem 0x000a0000-0x000effff]
[    0.000000] PM: Registered nosave memory: [mem 0x000f0000-0x000fffff]
[    0.000000] e820: [mem 0x40000000-0xfebfffff] available for PCI devices
[    0.000000] Booting paravirtualized kernel on KVM
[    0.000000] clocksource: refined-jiffies: mask: 0xffffffff max_cycles: 0xffffffff, max_idle_ns: 7645519600211568 ns
[    0.000000] setup_percpu: NR_CPUS:512 nr_cpumask_bits:512 nr_cpu_ids:2 nr_node_ids:1
[    0.000000] PERCPU: Embedded 34 pages/cpu @ffff88003fc00000 s99608 r8192 d31464 u1048576
[    0.000000] PV qspinlock hash table entries: 256 (order: 0, 4096 bytes)
[    0.000000] Built 1 zonelists in Node order, mobility grouping on.  Total pages: 257912
[    0.000000] Policy zone: DMA32
[    0.000000] Kernel command line: BOOT_IMAGE=/boot/vmlinuz-4.4.0-139-generic root=LABEL=cloudimg-rootfs ro console=tty1 console=ttyS0
[    0.000000] PID hash table entries: 4096 (order: 3, 32768 bytes)
[    0.000000] Memory: 997708K/1048120K available (8564K kernel code, 1314K rwdata, 4004K rodata, 1528K init, 1316K bss, 50412K reserved, 0K cma-reserved)
[    0.000000] SLUB: HWalign=64, Order=0-3, MinObjects=0, CPUs=2, Nodes=1
[    0.000000] Kernel/User page tables isolation: enabled
[    0.000000] Hierarchical RCU implementation.
[    0.000000] 	Build-time adjustment of leaf fanout to 64.
[    0.000000] 	RCU restricting CPUs from NR_CPUS=512 to nr_cpu_ids=2.
[    0.000000] RCU: Adjusting geometry for rcu_fanout_leaf=64, nr_cpu_ids=2
[    0.000000] NR_IRQS:33024 nr_irqs:440 16
[    0.000000] Console: colour VGA+ 80x25
[    0.000000] console [tty1] enabled
[    0.000000] console [ttyS0] enabled
[    0.000000] tsc: Detected 2793.532 MHz processor
[    2.103622] Calibrating delay loop (skipped) preset value.. 5587.06 BogoMIPS (lpj=11174128)
[    2.105971] pid_max: default: 32768 minimum: 301
[    2.126865] ACPI: Core revision 20150930
[    2.156129] ACPI: 2 ACPI AML tables successfully acquired and loaded
[    2.168532] Security Framework initialized
[    2.175149] Yama: becoming mindful.
[    2.187789] AppArmor: AppArmor initialized
[    2.199384] Dentry cache hash table entries: 131072 (order: 8, 1048576 bytes)
[    2.216572] Inode-cache hash table entries: 65536 (order: 7, 524288 bytes)
[    2.251936] Mount-cache hash table entries: 2048 (order: 2, 16384 bytes)
[    2.276804] Mountpoint-cache hash table entries: 2048 (order: 2, 16384 bytes)
[    2.307474] Initializing cgroup subsys io
[    2.320006] Initializing cgroup subsys memory
[    2.343675] Initializing cgroup subsys devices
[    2.368694] Initializing cgroup subsys freezer
[    2.379903] Initializing cgroup subsys net_cls
[    2.397463] Initializing cgroup subsys perf_event
[    2.407695] Initializing cgroup subsys net_prio
[    2.431892] Initializing cgroup subsys hugetlb
[    2.446782] Initializing cgroup subsys pids
[    2.468749] mce: CPU supports 0 MCE banks
[    2.487388] Last level iTLB entries: 4KB 1024, 2MB 1024, 4MB 1024
[    2.499411] Last level dTLB entries: 4KB 1024, 2MB 1024, 4MB 1024, 1GB 4
[    2.519794] Spectre V2 : Mitigation: Full generic retpoline
[    2.547692] Spectre V2 : Spectre v2 mitigation: Speculation control IBPB not-supported IBRS not-supported
[    2.588823] Spectre V2 : Spectre v2 / SpectreRSB mitigation: Filling RSB on context switch
[    2.631598] Speculative Store Bypass: Vulnerable
[    2.653311] Freeing SMP alternatives memory: 32K
[    2.673447] ftrace: allocating 32278 entries in 127 pages
[    2.726575] smpboot: APIC(0) Converting physical 0 to logical package 0
[    2.757063] smpboot: Max logical packages: 1
[    2.767571] x2apic enabled
[    2.776012] Switched APIC routing to physical x2apic.
[    2.797941] ..TIMER: vector=0x30 apic1=0 pin1=2 apic2=-1 pin2=-1
[    2.939627] smpboot: CPU0: Intel(R) Core(TM) i7-4980HQ CPU @ 2.80GHz (family: 0x6, model: 0x46, stepping: 0x1)
[    2.967185] Performance Events: unsupported p6 CPU model 70 no PMU driver, software events only.
[    3.009063] KVM setup paravirtual spinlock
[    3.027368] x86: Booting SMP configuration:
[    3.057808] .... node  #0, CPUs:      #1
[    3.076617] kvm-clock: cpu 1, msr 0:3ffe3041, secondary cpu clock
[    3.104451] mce: CPU supports 0 MCE banks
[    3.113794] x86: Booted up 1 node, 2 CPUs
[    3.135457] smpboot: Total of 2 processors activated (11174.12 BogoMIPS)
[    3.145576] devtmpfs: initialized
[    3.148220] evm: security.selinux
[    3.149479] evm: security.SMACK64
[    3.150564] evm: security.SMACK64EXEC
[    3.151939] evm: security.SMACK64TRANSMUTE
[    3.154715] evm: security.SMACK64MMAP
[    3.155988] evm: security.ima
[    3.156986] evm: security.capability
[    3.158340] clocksource: jiffies: mask: 0xffffffff max_cycles: 0xffffffff, max_idle_ns: 7645041785100000 ns
[    3.161390] futex hash table entries: 512 (order: 3, 32768 bytes)
[    3.163363] pinctrl core: initialized pinctrl subsystem
[    3.165077] RTC time:  8:34:51, date: 04/09/19
[    3.166582] NET: Registered protocol family 16
[    3.179328] cpuidle: using governor ladder
[    3.191957] cpuidle: using governor menu
[    3.200054] PCCT header not found.
[    3.211313] ACPI: bus type PCI registered
[    3.220292] acpiphp: ACPI Hot Plug PCI Controller Driver version: 0.5
[    3.236938] PCI: Using configuration type 1 for base access
[    3.258591] ACPI: Added _OSI(Module Device)
[    3.261651] ACPI: Added _OSI(Processor Device)
[    3.268521] ACPI: Added _OSI(3.0 _SCP Extensions)
[    3.279273] ACPI: Added _OSI(Processor Aggregator Device)
[    3.289242] ACPI: Executed 1 blocks of module-level executable AML code
[    3.304740] ACPI: Interpreter enabled
[    3.314508] ACPI: (supports S0 S5)
[    3.320385] ACPI: Using IOAPIC for interrupt routing
[    3.334962] PCI: Using host bridge windows from ACPI; if necessary, use "pci=nocrs" and report a bug
[    3.364881] ACPI: PCI Root Bridge [PCI0] (domain 0000 [bus 00-ff])
[    3.384118] acpi PNP0A03:00: _OSC: OS supports [ASPM ClockPM Segments MSI]
[    3.404483] acpi PNP0A03:00: _OSC: not requesting OS control; OS requires [ExtendedConfig ASPM ClockPM MSI]
[    3.428018] acpi PNP0A03:00: fail to add MMCONFIG information, can't access extended PCI configuration space under this bridge.
[    3.452302] PCI host bridge to bus 0000:00
[    3.468166] pci_bus 0000:00: root bus resource [io  0x0000-0x0cf7 window]
[    3.483538] pci_bus 0000:00: root bus resource [io  0x0d00-0xffff window]
[    3.511665] pci_bus 0000:00: root bus resource [mem 0x000a0000-0x000bffff window]
[    3.521675] pci_bus 0000:00: root bus resource [mem 0x40000000-0xfdffffff window]
[    3.541447] pci_bus 0000:00: root bus resource [bus 00-ff]
[    3.563938] pci 0000:00:01.1: legacy IDE quirk: reg 0x10: [io  0x01f0-0x01f7]
[    3.592720] pci 0000:00:01.1: legacy IDE quirk: reg 0x14: [io  0x03f6]
[    3.616870] pci 0000:00:01.1: legacy IDE quirk: reg 0x18: [io  0x0170-0x0177]
[    3.632966] pci 0000:00:01.1: legacy IDE quirk: reg 0x1c: [io  0x0376]
[    3.668393] pci 0000:00:07.0: quirk: [io  0x4000-0x403f] claimed by PIIX4 ACPI
[    3.681396] pci 0000:00:07.0: quirk: [io  0x4100-0x410f] claimed by PIIX4 SMB
[    3.710554] ACPI: PCI Interrupt Link [LNKA] (IRQs 5 9 10 *11)
[    3.732797] ACPI: PCI Interrupt Link [LNKB] (IRQs 5 9 *10 11)
[    3.742048] ACPI: PCI Interrupt Link [LNKC] (IRQs 5 *9 10 11)
[    3.767213] ACPI: PCI Interrupt Link [LNKD] (IRQs 5 9 10 *11)
[    3.775695] ACPI: Enabled 2 GPEs in block 00 to 07
[    3.791915] vgaarb: setting as boot device: PCI:0000:00:02.0
[    3.811532] vgaarb: device added: PCI:0000:00:02.0,decodes=io+mem,owns=io+mem,locks=none
[    3.832677] vgaarb: loaded
[    3.838976] vgaarb: bridge control possible 0000:00:02.0
[    3.848901] SCSI subsystem initialized
[    3.853734] ACPI: bus type USB registered
[    3.863552] usbcore: registered new interface driver usbfs
[    3.881445] usbcore: registered new interface driver hub
[    3.895471] usbcore: registered new device driver usb
[    3.910184] PCI: Using ACPI for IRQ routing
[    3.923780] NetLabel: Initializing
[    3.936686] NetLabel:  domain hash size = 128
[    3.947391] NetLabel:  protocols = UNLABELED CIPSOv4
[    3.959706] NetLabel:  unlabeled traffic allowed by default
[    3.968537] amd_nb: Cannot enumerate AMD northbridges
[    3.980863] clocksource: Switched to clocksource kvm-clock
[    4.0375] ApArmor: AppArmor Fiesystem Enabled
[    4.10949] pn: PnP ACPI init
[    4.152696] pnp: PnP ACPI: found 3 devices

[    .16554] clocksource: acp_pm: mask: xffffff max_cycles: 0xffffff, max_idle_ns: 2085701024 ns
[    4.251500] NET: Registered protocol family 2

[    4.253041] TCP established hash table entries: 8192 (order: 4, 65536 bytes)
[    4.255176] TCP bind hash table entries: 8192 (order: 5, 131072 bytes)
[    4.268362] TCP: Hash tables configured (established 8192 bind 8192)
[    4.270329] UDP hash table entries: 512 (order: 2, 16384 bytes)
[    4.272083] UDP-Lite hash table entries: 512 (order: 2, 16384 bytes)
[    4.274233] NET: Registered protocol family 1
[    4.275632] pci 0000:00:00.0: Limiting direct PCI/PCI transfers
[    4.277150] pci 0000:00:01.0: Activating ISA DMA hang workarounds
[    4.278850] Unpacking initramfs...
[    4.459714] Freeing initrd memory: 14796K
[    4.511145] platform rtc_cmos: registered platform RTC device (no PNP device found)
[    4.617929] Scanning for low memory corruption every 60 seconds
[    4.697922] audit: initializing netlink subsys (disabled)
[    4.732098] audit: type=2000 audit(1554798894.789:1): initialized
[    4.773278] Initialise system trusted keyring
[    4.796991] HugeTLB registered 2 MB page size, pre-allocated 0 pages
[    4.838855] zbud: loaded
[    4.853419] VFS: Disk quotas dquot_6.6.0
[    4.887630] VFS: Dquot-cache hash table entries: 512 (order 0, 4096 bytes)
[    4.987068] squashfs: version 4.0 (2009/01/31) Phillip Lougher
[    5.077316] fuse init (API version 7.23)
[    5.127625] Key type big_key registered
[    5.156973] Allocating IMA MOK and blacklist keyrings.
[    5.239293] Key type asymmetric registered
[    5.240374] Asymmetric key parser 'x509' registered
[    5.252642] Block layer SCSI generic (bsg) driver version 0.4 loaded (major 249)
[    5.303851] io scheduler noop registered
[    5.309414] io scheduler deadline registered (default)
[    5.325541] io scheduler cfq registered
[    5.326976] pci_hotplug: PCI Hot Plug PCI Core version: 0.5
[    5.328738] pciehp: PCI Express Hot Plug Controller Driver version: 0.4
[    5.331380] ACPI: AC Adapter [AC] (off-line)
[    5.332757] input: Power Button as /devices/LNXSYSTM:00/LNXPWRBN:00/input/input0
[    5.335401] ACPI: Power Button [PWRF]
[    5.336747] input: Sleep Button as /devices/LNXSYSTM:00/LNXSLPBN:00/input/input1
[    5.339160] ACPI: Sleep Button [SLPF]
[    5.340851] GHES: HEST is not enabled!
[    5.342192] ACPI: Battery Slot [BAT0] (battery present)
[    5.344479] Serial: 8250/16550 driver, 32 ports, IRQ sharing enabled
[    5.370926] 00:02: ttyS0 at I/O 0x3f8 (irq = 4, base_baud = 115200) is a 16550A
[    5.401753] Linux agpgart interface v0.103
[    5.436984] loop: module loaded
[    5.458489] scsi host0: ata_piix
[    5.487467] scsi host1: ata_piix
[    5.533263] tsc: Refined TSC clocksource calibration: 2793.533 MHz
[    5.603229] clocksource: tsc: mask: 0xffffffffffffffff max_cycles: 0x284463b702f, max_idle_ns: 440795312082 ns
[    5.603326] ata1: PATA max UDMA/33 cmd 0x1f0 ctl 0x3f6 bmdma 0xd000 irq 14
[    5.603327] ata2: PATA max UDMA/33 cmd 0x170 ctl 0x376 bmdma 0xd008 irq 15
[    5.603451] libphy: Fixed MDIO Bus: probed
[    5.603453] tun: Universal TUN/TAP device driver, 1.6
[    5.603454] tun: (C) 1999-2004 Max Krasnyansky <maxk@qualcomm.com>
[    5.603490] PPP generic driver version 2.4.2
[    5.603532] ehci_hcd: USB 2.0 'Enhanced' Host Controller (EHCI) Driver
[    5.603535] ehci-pci: EHCI PCI platform driver
[    5.603548] ehci-platform: EHCI generic platform driver
[    5.603554] ohci_hcd: USB 1.1 'Open' Host Controller (OHCI) Driver
[    5.603557] ohci-pci: OHCI PCI platform driver
[    5.603564] ohci-platform: OHCI generic platform driver
[    5.603569] uhci_hcd: USB Universal Host Controller Interface driver
[    5.603618] i8042: PNP: PS/2 Controller [PNP0303:PS2K,PNP0f03:PS2M] at 0x60,0x64 irq 1,12
[    5.604005] serio: i8042 KBD port at 0x60,0x64 irq 1
[    5.604008] serio: i8042 AUX port at 0x60,0x64 irq 12
[    5.604082] mousedev: PS/2 mouse device common for all mice
[    5.604283] input: AT Translated Set 2 keyboard as /devices/platform/i8042/serio0/input/input2
[    5.604706] rtc_cmos rtc_cmos: rtc core: registered rtc_cmos as rtc0
[    5.604766] rtc_cmos rtc_cmos: alarms up to one day, 114 bytes nvram
[    5.604772] i2c /dev entries driver
[    5.604825] device-mapper: uevent: version 1.0.3
[    5.604865] device-mapper: ioctl: 4.34.0-ioctl (2015-10-28) initialised: dm-devel@redhat.com
[    5.604882] ledtrig-cpu: registered to indicate activity on CPUs
[    5.605506] NET: Registered protocol family 10
[    5.605621] NET: Registered protocol family 17
[    5.605630] Key type dns_resolver registered
[    5.605806] registered taskstats version 1
[    5.605816] Loading compiled-in X.509 certificates
[    5.606371] Loaded X.509 cert 'Build time autogenerated kernel key: a88b0f663ecfd40e6a501dee2f0b211d51902e35'
[    5.606386] zswap: loaded using pool lzo/zbud
[    5.607508] Key type trusted registered
[    5.609389] Key type encrypted registered
[    5.609393] AppArmor: AppArmor sha1 policy hashing enabled
[    5.609395] ima: No TPM chip found, activating TPM-bypass!
[    5.609400] ima: Allocated hash algorithm: sha1
[    5.609411] evm: HMAC attrs: 0x1
[    5.609752]   Magic number: 15:538:573
[    5.633519] rtc_cmos rtc_cmos: setting system clock to 2019-04-09 08:34:54 UTC (1554798894)
[    5.633606] BIOS EDD facility v0.16 2004-Jun-25, 0 devices found
[    5.633606] EDD information not available.
[    6.445891] Freeing unused kernel memory: 1528K
[    7.143162] Write protecting the kernel read-only data: 14336k
[    7.210893] Freeing unused kernel memory: 1664K
[    7.446246] Freeing unused kernel memory: 92K
Loading, please wait...
starting version[    7.470047] random: systemd-udevd: uninitialized urandom read (16 bytes read, 4 bits of entropy available)
 229
[    7.470171] random: udevadm: uninitialized urandom read (16 bytes read, 4 bits of entropy available)
[    7.470186] random: udevadm: uninitialized urandom read (16 bytes read, 4 bits of entropy available)
[    7.475960] random: udevadm: uninitialized urandom read (16 bytes read, 4 bits of entropy available)
[    7.475990] random: udevadm: uninitialized urandom read (16 bytes read, 4 bits of entropy available)
[    7.476083] random: udevadm: uninitialized urandom read (16 bytes read, 4 bits of entropy available)
[    7.476119] random: udevadm: uninitialized urandom read (16 bytes read, 4 bits of entropy available)
[    7.476152] random: udevadm: uninitialized urandom read (16 bytes read, 4 bits of entropy available)
[    7.476185] random: udevadm: uninitialized urandom read (16 bytes read, 4 bits of entropy available)
[    7.476217] random: udevadm: uninitialized urandom read (16 bytes read, 4 bits of entropy available)
[    7.569008] e1000: Intel(R) PRO/1000 Network Driver - version 7.3.21-k8-NAPI
[    7.607136] e1000: Copyright (c) 1999-2006 Intel Corporation.
[    7.641122] AVX2 version of gcm_enc/dec engaged.
[    7.650097] AES CTR mode by8 optimization enabled
[    7.653853] Fusion MPT base driver 3.04.20
[    7.653853] Copyright (c) 1999-2008 LSI Corporation
[    7.740311] Fusion MPT SPI Host driver 3.04.20
[    7.833986] input: ImExPS/2 Generic Explorer Mouse as /devices/platform/i8042/serio1/input/input4
[    8.129186] e1000 0000:00:03.0 eth0: (PCI:33MHz:32-bit) 02:48:37:b8:a5:68
[    8.157600] e1000 0000:00:03.0 eth0: Intel(R) PRO/1000 Network Connection
[    8.178754] e1000 0000:00:03.0 enp0s3: renamed from eth0
[    8.178830] mptbase: ioc0: Initiating bringup
[    8.415151] ioc0: LSI53C1030 A0: Capabilities={Initiator}
[    9.261365] scsi host2: ioc0: LSI53C1030 A0, FwRev=00000000h, Ports=1, MaxQ=256, IRQ=20
[   10.133570] scsi 2:0:0:0: Direct-Access     VBOX     HARDDISK         1.0  PQ: 0 ANSI: 5
[   10.457827] scsi target2:0:0: Beginning Domain Validation
[   10.723736] scsi target2:0:0: Domain Validation skipping write tests
[   10.741757] scsi target2:0:0: Ending Domain Validation
[   10.757240] scsi target2:0:0: asynchronous
[   10.775646] scsi 2:0:1:0: Direct-Access     VBOX     HARDDISK         1.0  PQ: 0 ANSI: 5
[   11.641266] scsi target2:0:1: Beginning Domain Validation
[   11.731797] scsi target2:0:1: Domain Validation skipping write tests
[   11.738441] scsi target2:0:1: Ending Domain Validation
[   11.765917] scsi target2:0:1: asynchronous
[   11.800616] sd 2:0:0:0: [sda] 20971520 512-byte logical blocks: (10.7 GB/10.0 GiB)
[   11.802971] sd 2:0:0:0: Attached scsi generic sg0 type 0
[   11.804411] sd 2:0:0:0: [sda] Write Protect is off
[   11.805998] sd 2:0:0:0: [sda] Incomplete mode parameter data
[   11.807574] sd 2:0:0:0: [sda] Assuming drive cache: write through
[   11.810009] sd 2:0:1:0: [sdb] 20480 512-byte logical blocks: (10.5 MB/10.0 MiB)
[   11.812142] sd 2:0:1:0: [sdb] Write Protect is off
[   11.817133] sd 2:0:1:0: Attached scsi generic sg1 type 0
[   11.859165] sd 2:0:1:0: [sdb] Incomplete mode parameter data
[   11.869788] sd 2:0:1:0: [sdb] Assuming drive cache: write through
[   11.869827]  sda: sda1
[   11.875457] sd 2:0:0:0: [sda] Attached SCSI disk
[   11.877272] sd 2:0:1:0: [sdb] Attached SCSI disk
Begin: Loading e[   13.144931] md: linear personality registered for level -1
ssential drivers[   13.195915] md: multipath personality registered for level -4
 ... [   13.219008] md: raid0 personality registered for level 0
[   13.239238] md: raid1 personality registered for level 1
[   13.313158] raid6: sse2x1   gen() 11923 MB/s
[   13.392904] raid6: sse2x1   xor()  9320 MB/s
[   13.473003] raid6: sse2x2   gen() 15086 MB/s
[   13.561076] raid6: sse2x2   xor() 10195 MB/s
[   13.641003] raid6: sse2x4   gen() 17130 MB/s
[   13.728894] raid6: sse2x4   xor() 12144 MB/s
[   13.817193] raid6: avx2x1   gen() 23212 MB/s
[   13.885011] raid6: avx2x2   gen() 26552 MB/s
[   13.973090] raid6: avx2x4   gen() 30285 MB/s
[   13.985784] raid6: using algorithm avx2x4 gen() 30285 MB/s
[   14.005684] raid6: using avx2x2 recovery algorithm
[   14.023330] xor: automatically using best checksumming function:
[   14.088936]    avx       : 33441.000 MB/sec
[   14.091792] async_tx: api initialized (async)
[   14.100266] md: raid6 personality registered for level 6
[   14.101720] md: raid5 personality registered for level 5
[   14.103078] md: raid4 personality registered for level 4
[   14.108842] md: raid10 personality registered for level 10
done.
Begin: Running /scripts/init-premount ... done.
Begin: Mounting root file system ... Begin: Running /scripts/local-top ... done.
Begin:[   14.140814] Btrfs loaded
 Running /scripts/local-premount ... Scanning for Btrfs filesystems
done.
Warning: fsck no[   14.199491] EXT4-fs (sda1): mounted filesystem with ordered data mode. Opts: (null)
t present, so skipping root file system
done.
Begin: Running /scripts/local-bottom ... done.
Begin: Running /scripts/init-bottom ... done.
[   14.277151] systemd[1]: systemd 229 running in system mode. (+PAM +AUDIT +SELINUX +IMA +APPARMOR +SMACK +SYSVINIT +UTMP +LIBCRYPTSETUP +GCRYPT +GNUTLS +ACL +XZ -LZ4 +SECCOMP +BLKID +ELFUTILS +KMOD -IDN)
[   14.385180] systemd[1]: Detected virtualization oracle.
[   14.407109] systemd[1]: Detected architecture x86-64.

Welcome to [1mUbuntu 16.04.5 LTS[0m!

[   14.439109] systemd[1]: Set hostname to <ubuntu>.
[   14.453072] systemd[1]: Initializing machine ID from random generator.
[   14.454764] systemd[1]: Installed transient /etc/machine-id file.
[   14.557606] systemd[1]: Created slice User and Session Slice.
[[0;32m  OK  [0m] Created slice User and Session Slice.
[   14.571209] systemd[1]: Reached target Encrypted Volumes.
[[0;32m  OK  [0m] Reached target Encrypted Volumes.
[  14.609822] systemd[1]: Reachd taget Syste Time Synchronized.

[[0;32m  OK  [0m] Reached target System Time Synchronized.
[   14.75433] systemd1]: Listening on Jural Socket.

[[0;32m  OK  [0m] Listening on Journal Socket.
[   14.859246] systemd[1]: Listening on dev ontrol Socket.

[[0;32m  OK  [0m] Listening on udev Control Socket.
[   14.914431] systemd[1]: Created slice System Slice.
[[0;32m  OK  [0m] Created slice System Slice.
[   14.961568] systemd[1]: Starting Nameserver information manager...
         Starting Nameserver information manager...
[   14.980317] systemd[1]: Starting Remount Root and Kernel File Systems...
         Starting Remount[   15.000956] EXT4-fs (sda1): re-mounted. Opts: (null)
 Root and Kernel File Systems...
[   15.078833] systemd[1]: Starting Create list of required static device nodes for the current kernel...
         Starting Create list of required st... nodes for the current kernel...
[   15.134004] systemd[]: Listening on udev Kernel Socket.

[[0;32m  OK  [0m] Listening on udev Kernel Socket.
[   15.177032] systemd[1]: Mounting Debug File System...
         Mounting Debug File System...
[   15.181861] systemd[1]: Reached target Slices.
[[0;32m  OK  [0m] Reached target Slices.
[   15.186617] systemd[1]: Listening on Syslog Socket.
[[0;32m  OK  [0m] Listening on Syslog Socket.
[   15.191214] systemd[1]: Listening on Journal Audit Socket.
[[0;32m  OK  [0m] Listening on Journal Audit Socket.
[   15.195432] systemd[1]: Listening on LVM2 poll daemon socket.
[[0;32m  OK  [0m] Listening on LVM2 poll daemon socket.
[   15.199736] systemd[1]: Mounting Huge Pages File System...
         Mounting Huge Pages File System...
[   15.241680] systemd[1]: Starting Set console keymap...
         Starting Set console keymap...
[   15.261180] systemd[1]: Reached target Swap.
[[0;32m  OK  [0m] Reached target Swap.
[   15.297598]systed[1]: Reached target Userand Group Nae Lookups.
[[0;32m  OK  [0m] Reached target User and Group Name Lookups.
[   15.465787] systemd[1]: Listening on /dev/initctl Compatibiity Named Ppe. [[0;32m  OK  [0m] Listening on /dev/initctl Compatibility Named Pipe.
[   15.650088] system[1]: Started Triggerresolvconf update for network DNS.
[[0;32m  OK  [0m] Started Trigger resolvconf update for networkd DNS.
[   16.202047] systemd[1: Created slice system-serial\x2dgetty.slice.
[[0;32m  OK  [0m] Created slice system-serial\x2dgetty.slice.
[   16.42881] systemd1]: Listening on Journal Socket (/dev/log).
[[0;32m  OK  [0m] Listening on Journal Socket (/dev/log).

[   16.301629] systemd[1]: Starting Journal Service...
         Starting Journal Service...
[   16.345679] systemd[1]: Starting Load Kernel Modules...
         Starting Load Ke[   16.368244] Loading iSCSI transport class v2.0-870.
rnel Modules...
[   16.400528] systemd[1]: Listening on LVM2 metadata daemon socket.
[[0;32m  OK  [0m] Listening on LVM2 metadata daemon socket.
[   16.407186] systemd[1]: Mounting POSIX Message Queue File System...
         Mounting POSIX Message Queue File System...
[   16.410636] iscsi: registered transport (tcp)
[   16.413312] systemd[1]: Starting Uncomplicated firewall...
         Starting Uncomplicated firewall...
[   16.461350] iscsi: registered transport (iser)
[   16.476812] systemd[1]: Started Forward Password Requests to Wall Directory Watch.
[[0;32m  OK  [0m] Started Forward Password Requests to Wall Directory Watch.
[   16.55259] systemd[1]: Set up automount Arbitray xecutable File Frmats File System Automount Point.
[[0;32m  OK  [0m] Set up automount Arbitrary Executab...ats File System Automount Point.
[   16.63174] systemd[1] Listenin on Dvie-mapper evet daemon FFOs.
[[0;32m  OK  [0m] Listening on Device-mapper event daemon FIFOs.
[   16.981617] systemd[1]: Starting Monitoring of LVM2 mirrors, snapshots etc. using dmeventd or progress polling...
[   17.005998] random: nonblocking pool is initialized
         Starting Monitoring of LVM2 mirrors... dmeventd or progress polling...
[   17.065206] systemd[1]: Mounted POSIX Message Queue File System.
[[0;32m  OK  [0m] Mounted POSIX Message Queue File System.
[   17.069262] systemd[1]: Mounted Debug File System.
[[0;32m  OK  [0m] Mounted Debug File System.
[   17.072706] systemd[1]: Mounted Huge Pages File System.
[[0;32m  OK  [0m] Mounted Huge Pages File System.
[   17.077074] systemd[1]: Started Journal Service.
[[0;32m  OK  [0m] Started Journal Service.
[[0;32m  OK  [0m] Started Remount Root and Kernel File Systems.
[[0;32m  OK  [0m] Started Create list of required sta...ce nodes for the current kernel.
[[0;32m  OK  [0m] Started Set console keymap.
[[0;32m  OK  [0m] Started Load Kernel Modules.
[[0;32m  OK  [0m] Started Uncomplicated firewall.
[[0;32m  OK  [0m] Started Nameserver information manager.
[[0;32m  OK  [0m] Started LVM2 metadata daemon.
         Mounting FUSE Control File System...
         Starting Apply Kernel Variables...
         Starting Create Static Device Nodes in /dev...
         Starting udev Coldplug all Devices...
         Starting Load/Save Random Seed...
         Starting Flush Journal to Persistent Storage...
[[0;32m  OK  [0m] Mounted FUSE Control File System.
[[0;32m  OK  [0m] Started Apply Kernel Variables.
[[0;32m  OK  [0m] Started Create Static Device Nodes in /dev.
[[0;32m  OK  [0m] Started Load/Save Random Seed.
[[0;32m  OK  [0m] Started udev Coldplug all Devices.
[[0;32m  OK  [0m] Started Flush Journal to Persistent Storage.
         Starting udev Kernel Device Manager...
[[0;32m  OK  [0m] Started udev Kernel Device Manager.
[[0;32m  OK  [0m] Started Monitoring of LVM2 mirrors,...ng dmeventd or progress polling.
[[0;32m  OK  [0m] Reached target Local File Systems (Pre).
[[0;32m  OK  [0m] Reached target Local File Systems.
         Starting Set console font and keymap...
         Starting LSB: AppArmor initialization...
         Starting Initial cloud-init job (pre-networking)...
         Starting Tell Plymouth To Write Out Runtime Data...
         Starting Commit a transient machine-id on disk...
         Starting Create Volatile Files and Directories...
[[0;32m  OK  [0m] Started Dispatch Password Requests to Console Directory Watch.
[[0;32m  OK  [0m] Started Tell Plymouth To Write Out Runtime Data.
[[0;32m  OK  [0m] Started Commit a transient machine-id on disk.
[[0;32m  OK  [0m] Started Create Volatile Files and Directories.
[[0;32m  OK  [0m] Found device /dev/ttyS0.
[[0;32m  OK  [0m] Listening on Load/Save RF Kill Switch Status /dev/rfkill Watch.
         Starting Update UTMP about System Boot/Shutdown...
[[0;1;31mFAILED[0m] Failed to start Set console font and keymap.
See 'systemctl status console-setup.service' for details.
[   15.127077] cloud-init[493]: Cloud-init v. 18.4-0ubuntu1~16.04.2 running 'init-local' at Tue, 09 Apr 2019 08:35:07 +0000. Up 14.86 seconds.
[[0;32m  OK  [0m] Created slice system-getty.slice.
[[0;32m  OK  [0m] Started LSB: AppArmor initialization.
[[0;32m  OK  [0m] Started Update UTMP about System Boot/Shutdown.
[[0;32m  OK  [0m] Started Initial cloud-init job (pre-networking).
[[0;32m  OK  [0m] Reached target Network (Pre).
         Starting Raise network interfaces...
[[0;32m  OK  [0m] Started Raise network interfaces.
[[0;32m  OK  [0m] Reached target Network.
         Starting Initial cloud-init job (metadata service crawler)...
[   16.182409] cloud-init[890]: Cloud-init v. 18.4-0ubuntu1~16.04.2 running 'init' at Tue, 09 Apr 2019 08:35:08 +0000. Up 15.83 seconds.
[   16.228413] cloud-init[890]: ci-info: ++++++++++++++++++++++++++++++++++++++Net device info++++++++++++++++++++++++++++++++++++++
[[0;32m  OK  [0m] Started Initial cloud-init job (metadata service crawler).
[   16.228849] cloud-init[890]: ci-info: +--------+------+----------------------------+---------------+--------+-------------------+
[   16.329165] cloud-init[890]: ci-info: | Device |  Up  |          Address           |      Mask     | Scope  |     Hw-Address    |
[   16.330281] cloud-init[890]: ci-info: +--------+------+----------------------------+---------------+--------+-------------------+
[[0;32m  OK  [0m] Reached target System Initialization.
[[   16.330992] cloud-init[890]: ci-info: | enp0s3 | True |         10.0.2.15          | 255.255.255.0 | global | 02:48:37:b8:a5:68 |
[0;32m  OK  [0m] Started Daily apt download activities.
[   16.463636] cloud-init[890]: ci-info: | enp0s3 | True | fe80::48:37ff:feb8:a568/64 |       .       |  link  | 02:48:37:b8:a5:68 |
[   16.548668] cloud-init[890]: ci-info: |   lo   | True |         127.0.0.1          |   255.0.0.0   |  host  |         .         |
         Starting Socket activation for snappy daemon.
[   16.549287] cloud-init[890]: ci-info: |   lo   | True |          ::1/128           |       .       |  host  |         .         |
[   16.662698] cloud-init[890]: ci-info: +--------+------+----------------------------+---------------+--------+-------------------+
[   16.663340] cloud-init[890]: ci-info: +++++++++++++++++++++++++++Route IPv4 info++++++++++++++++++++++++++++
         Starting LXD - unix socket.[   16.663767] 
cloud-init[890]: ci-info: +-------+-------------+----------+---------------+-----------+-------+
[[   16.663807] cloud-init[890]: ci-info: | Route | Destination | Gateway  |    Genmask    | Interface | Flags |
[0;32m  OK  [0m] Listening on UUID daemon activation socket.
[   16.730446] cloud-init[890]: ci-info: +-------+-------------+----------+---------------+-----------+-------+
[   16.820882] cloud-init[890]: ci-info: |   0   |   0.0.0.0   | 10.0.2.2 |    0.0.0.0    |   enp0s3  |   UG  |
[   16.821997] cloud-init[890]: ci-info: |   1   |   10.0.2.0  | 0.0.0.0  | 255.255.255.0 |   enp0s3  |   U   |
[[0;32m  OK  [0m] Listening on ACPID Listen Socket.
[[   16.823442] cloud-init[890]: ci-info: +-------+-------------+----------+---------------+-----------+-------+
[0;32m  OK  [0m] Started Daily apt upgrade and clean activities.
[   16.912803] cloud-init[890]: ci-info: +++++++++++++++++++Route IPv6 info+++++++++++++++++++
[   16.984697] cloud-init[890]: ci-info: +-------+-------------+---------+-----------+-------+
[   16.985381] cloud-init[890]: ci-info: | Route | Destination | Gateway | Interface | Flags |
[[0;32m  OK  [0m] Started ACPI Events Check.
[[   16.985998] cloud-init[890]: ci-info: +-------+-------------+---------+-----------+-------+
[0;32m  OK  [0m] Reached target Paths.
[   17.071088] cloud-init[890]: ci-info: |   0   |  fe80::/64  |    ::   |   enp0s3  |   U   |
[   17.137221] cloud-init[890]: ci-info: |   3   |   ff00::/8  |    ::   |   enp0s3  |   U   |
[[   17.138356] [0;32m  OK  [0mcloud-init] [890]: Listening on D-Bus System Message Bus Socket.ci-info: +-------+-------------+---------+-----------+-------+

[[0;32m  OK  [0m[   17.139011] cloud-init[890]: Generating public/private rsa key pair.
[   17.242532] cloud-init[890]: Your identification has been saved in /etc/ssh/ssh_host_rsa_key.
[   17.243720] cloud-init[890]: Your public key has been saved in /etc/ssh/ssh_host_rsa_key.pub.
[   17.247326] cloud-init[890]: The key fingerprint is:
[   17.249566] cloud-init[890]: SHA256:pn1c/Ro8dqqRjw7mqyNhhEXgogLhvRyss/MHmMCph+c root@ubuntu-xenial
[   17.250610] cloud-init[890]: The key's randomart image is:
[   17.253738] cloud-init[890]: +---[RSA 2048]----+
[   17.254817] cloud-init[890]: |.   .o.          |
[   17.256533] cloud-init[890]: |..o.  .          |
[   17.257296] cloud-init[890]: |o.o+.o           |
] Started Daily Cleanup of Temporary Directories.
[   17.259171] cloud-init[890]: |o+o.+ .      .   |
[   17.263053] cloud-init[890]: |=+oo .  S   . .  |
[   17.265035] cloud-init[890]: |+o=.  o+ . . o . |
[   17.266023] cloud-init[890]: | *  ..... = o = o|
[   17.267564] cloud-init[890]: |  E  .. .+ . = * |
[   17.269331] cloud-init[890]: |   ..  ..ooo+.+  |
[   17.270092] cloud-init[890]: +----[SHA256]-----+
[   17.271838] cloud-init[890]: Generating public/private dsa key pair.
[   17.272665] cloud-init[890]: Your identification has been saved in /etc/ssh/ssh_host_dsa_key.
[[0;32m  OK  [0m] Reached target Timers.
[   17.273421] cloud-init[890]: Your public key has been saved in /etc/ssh/ssh_host_dsa_key.pub.
[   17.279473] cloud-init[890]: The key fingerprint is:
[   17.281440] cloud-init[890]: SHA256:he4NuRnW8k6RdNp7KIjf5cz1KzLv/61Je3JxjQYR+jY root@ubuntu-xenial
[   17.281474] cloud-init[890]: The key's randomart image is:
[   17.282214] cloud-init[890]: +---[DSA 1024]----+
[   17.287916] cloud-init[890]: |            ..   |
[   17.288001] cloud-init[890]: |         . ..    |
[[0;32m  OK  [0m] Reached target Network is Online.
[   17.289184] cloud-init[890]: |        . + ..   |
[   17.308581] cloud-init[890]: |       . = *.    |
[   17.321366] cloud-init[890]: |        S = E. ..|
         Starting iSCSI initiator daemon (iscsid)...
[[0;32m  OK  [0m] Reached target Cloud-config availability.
[[0;32m  OK  [0m] Listening on Socket activation for snappy daemon.
[[0;32m  OK  [0m] Listening on LXD - unix socket.
[   17.344545] cloud-init[890]: |       + X o +o.o|
[   17.516591] [cloud-init[0;32m  OK  [0m[890]: ] |      . = = +.+ o|Started iSCSI initiator daemon (iscsid).

[   17.557397]          Starting Login to default iSCSI targets...
[[0;32m  OK  [0m] Reached target Sockets.
cloud-init[890]: |       . + O =.++|
[[0;32m  OK  [0m] Reached target Basic System.
[   17.604325] cloud-init[890]: |        . o Oo*B*|
[   17.607766] cloud-init[890]: +----[SHA256]-----+
[   17.624369] [[0;32m  OK  [0m] Started D-Bus System Message Bus.
cloud-init[890]: Generating public/private ecdsa key pair.
[   17.632626] cloud-init[890]: Your identification has been saved in /etc/ssh/ssh_host_ecdsa_key.
         Starting LXD - container startup/shutdown...
[   17.671232] cloud-init[890]: Your public key has been saved in /etc/ssh/ssh_host_ecdsa_key.pub.
[   17.683406] cloud-init[890]: The key fingerprint is:
[   17.696079] cloud-init[890]: SHA256:B1pZvKiEE/C33U/rJGSSt99wmK9qH5zPOefihCKZczo root@ubuntu-xenial
[   17.696551] [cloud-init[0;32m  OK  [0m[890]: ] The key's randomart image is:Started Deferred execution scheduler.

[   17.696921] cloud-init[890]: +---[ECDSA 256]---+
[   17.772955] cloud-init[890]: |  ..     ..      |
[   17.780468] cloud-init[890]: |   ..    o.      |
[   17.780974] cloud-init[890]: |    .o. +. .     |
[   17.783125] cloud-init[890]: |    o..=.+.      |
[   17.785213] cloud-init[890]: |     oo.S * .    |
[   17.785934] cloud-init[890]: |      .  O = *   |
         Starting Login Service...
[   17.788609] [[0;32m  OK  [0m] Started ACPI event daemon.
cloud-init[890]: |        = = % o  |
[   17.807690] cloud-init[890]: |        E=.* Xo..|
[   17.810213] cloud-init[890]: |        .o.o=oB=.|
[   17.817825] cloud-init[890]: +----[SHA256]-----+
         Starting Virtualbox guest utils...
[   17.818364] cloud-init[890]: Generating public/private ed25519 key pair.
[   17.876735] cloud-init[890]: Your identification has been saved in /etc/ssh/ssh_host_ed25519_key.
[   17.877327]          cloud-initStarting Accounts Service...[890]: 
Your public key has been saved in /etc/ssh/ssh_host_ed25519_key.pub.
[   17.896324] cloud-init[890]: The key fingerprint is:
[   17.896918] cloud-init[890]: SHA256:GS2/adQBIXPsWpTqvnBmVlsYDfsxdJrDcWITOGtXGBk root@ubuntu-xenial
[[0;32m  OK  [0m] Started Regular background program processing daemon.
[   17.898523] cloud-init[890]: The key's randomart image is:
[   17.968507] cloud-init[890]: +--[ED25519 256]--+
[   17.969112] cloud-init[890]: |        o.=+E*o  |
[   17.971431] cloud-init[890]: |         =*OoO.  |
[   17.973384] cloud-init[890]: |        o++oX.   |
[   17.973429] cloud-init[890]: |        .===.=   |
[   17.973459] cloud-init[890]: |       .S+=.+    |
[   17.973488] cloud-init[890]: |        oo =     |
[   17.973524] cloud-init[890]: |      ..= =      |
[   17.973552] cloud-init[890]: |       *..       |
[[0;32m  OK  [0m] Started FUSE filesystem for LXC.
[   17.974933] cloud-init[890]: |        ..       |
[   18.017479] cloud-init[890]: +----[SHA256]-----+
         Starting LSB: Record successful boot for GRUB...
         Starting /etc/rc.local Compatibility...
         Starting Pollinate to seed the pseudo random number generator...
[[0;32m  OK  [0m] Started Unattended Upgrades Shutdown.
         Starting LSB: MD monitoring daemon...
         Starting System Logging Service...
         Starting Snappy daemon...
[[0;32m  OK  [0m] Started LXD - container startup/shutdown.
[[0;32m  OK  [0m] Started /etc/rc.local Compatibility.
[[0;32m  OK  [0m] Started System Logging Service.
[[0;32m  OK  [0m] Started Login to default iSCSI targets.
[[0;32m  OK  [0m] Started LSB: Record successful boot for GRUB.
[[0;32m  OK  [0m] Started LSB: MD monitoring daemon.
[[0;32m  OK  [0m] Started Virtualbox guest utils.
[[0;32m  OK  [0m] Started Login Service.
[[0;32m  OK  [0m] Started Snappy daemon.
[[0;32m  OK  [0m] Started Pollinate to seed the pseudo random number generator.
         Starting OpenBSD Secure Shell server...
         Starting Wait until snapd is fully seeded...
         Starting Authenticate and Authorize Users to Run Privileged Tasks...
[[0;32m  OK  [0m] Reached target Remote File Systems (Pre).
[[0;32m  OK  [0m] Reached target Remote File Systems.
         Starting Permit User Sessions...
         Starting LSB: automatic crash report generation...
         Starting LSB: daemon to balance interrupts for SMP systems...
         Starting LSB: Set the CPU Frequency Scaling governor to "ondemand"...
[[0;32m  OK  [0m] Started Permit User Sessions.
[[0;32m  OK  [0m] Started Authenticate and Authorize Users to Run Privileged Tasks.
[[0;32m  OK  [0m] Started OpenBSD Secure Shell server.
[[0;32m  OK  [0m] Started Accounts Service.
         Starting Terminate Plymouth Boot Screen...
         Starting Hold until boot process finishes up...
[[0;32m  OK  [0m] Started LSB: automatic crash report generation.
[[0;32m  OK  [0m] Started LSB: daemon to balance interrupts for SMP systems.
[[0;32m  OK  [0m] Started LSB: Set the CPU Frequency Scaling governor to "ondemand".
[[0;32m  OK  [0m] Started Terminate Plymouth Boot Screen.
[[0;32m  OK  [0m] Started Hold until boot process finishes up.
[[0;32m  OK  [0m] Started Getty on tty1.
[[0;32m  OK  [0m] Started Serial Getty on ttyS0.
[[0;32m  OK  [0m] Reached target Login Prompts.
         Starting Set console scheme...
[[0;32m  OK  [0m] Started Set console scheme.
[[0;32m  OK  [0m] Started Wait until snapd is fully seeded.
[[0;32m  OK  [0m] Reached target Multi-User System.
[[0;32m  OK  [0m] Reached target Graphical Interface.
         Starting Update UTMP about System Runlevel Changes...
         Starting Apply the settings specified in cloud-config...
[[0;32m  OK  [0m] Started Update UTMP about System Runlevel Changes.
[   19.268520] cloud-init[1212]: Generating locales (this might take a while)...
[   19.952306] cloud-init[1212]:   en_US.UTF-8... done
[   19.965248] cloud-init[1212]: Generation complete.
[   20.167168] cloud-init[1212]: Cloud-init v. 18.4-0ubuntu1~16.04.2 running 'modules:config' at Tue, 09 Apr 2019 08:35:11 +0000. Up 19.19 seconds.
[[0;32m  OK  [0m] Started Apply the settings specified in cloud-config.
         Starting Execute cloud user/final scripts...
ci-info: no authorized ssh keys fingerprints found for user ubuntu.
<14>Apr  9 08:35:12 ec2: 
<14>Apr  9 08:35:12 ec2: #############################################################
<14>Apr  9 08:35:12 ec2: -----BEGIN SSH HOST KEY FINGERPRINTS-----
<14>Apr  9 08:35:12 ec2: 1024 SHA256:he4NuRnW8k6RdNp7KIjf5cz1KzLv/61Je3JxjQYR+jY root@ubuntu-xenial (DSA)
<14>Apr  9 08:35:12 ec2: 256 SHA256:B1pZvKiEE/C33U/rJGSSt99wmK9qH5zPOefihCKZczo root@ubuntu-xenial (ECDSA)
<14>Apr  9 08:35:12 ec2: 256 SHA256:GS2/adQBIXPsWpTqvnBmVlsYDfsxdJrDcWITOGtXGBk root@ubuntu-xenial (ED25519)
<14>Apr  9 08:35:12 ec2: 2048 SHA256:pn1c/Ro8dqqRjw7mqyNhhEXgogLhvRyss/MHmMCph+c root@ubuntu-xenial (RSA)
<14>Apr  9 08:35:12 ec2: -----END SSH HOST KEY FINGERPRINTS-----
<14>Apr  9 08:35:12 ec2: #############################################################
-----BEGIN SSH HOST KEY KEYS-----
ecdsa-sha2-nistp256 AAAAE2VjZHNhLXNoYTItbmlzdHAyNTYAAAAIbmlzdHAyNTYAAABBBM28ri+fSCy+HuiIVZnWTk2Y4bNDpiLbA2Yf9Bl9qE3YG1/uFzbU+/sreSEF6DeF+2DzdAmqBu3RzgUPcIXhudI= root@ubuntu-xenial
ssh-ed25519 AAAAC3NzaC1lZDI1NTE5AAAAIK1ile+4ZJvy8/JwhbMOSWXScUiOQV9YmQd0N2c94JDD root@ubuntu-xenial
ssh-rsa AAAAB3NzaC1yc2EAAAADAQABAAABAQCfBa1bkRveVTby9A4sN7HUQctrJLLowY9yfpMCPABofeYiw6uWZMayXQMAhh9jaNKJyG7yVKNcxtDXtJViIZd58ZX/oywdwpVnzIHqCrIsWFWSNlNRrkB/FZBa8QPvqIjGfQbHVVAteo3F6QjSmQMyA9Dm1OlpsZwCiJfTr5qVGQcZVwU+lNc89z7QQGdzVKd8TaRUThZfgr2npm2vv/wZXuXZfcNPZENswHTVbd88clPL5oAy7SwQBwk74ilzg2weD5u4ViGiffNpv8BaFah23ejkFy6bxhXwVl8v12rQLPOT0OMxiK8HmnJZkwfKGKrPI2ywdUpEFP718t7fJHEl root@ubuntu-xenial
-----END SSH HOST KEY KEYS-----
[   20.732792] cloud-init[1252]: Cloud-init v. 18.4-0ubuntu1~16.04.2 running 'modules:final' at Tue, 09 Apr 2019 08:35:12 +0000. Up 20.47 seconds.
[[0;32m  OK  [0m[   20.788425] cloud-init[1252]: ci-info: no authorized ssh keys fingerprints found for user ubuntu.
[   20.789124] cloud-init[1252]: Cloud-init v. 18.4-0ubuntu1~16.04.2 finished at Tue, 09 Apr 2019 08:35:13 +0000. Datasource DataSourceNoCloud [seed=/dev/sdb][dsmode=net].  Up 20.72 seconds
] Started Execute cloud user/final scripts.
[[0;32m  OK  [0m] Reached target Cloud-init target.

Ubuntu 16.04.5 LTS ubuntu-xenial ttyS0

ubuntu-xenial login: 